<?xml version="1.0" encoding="UTF-8"?>
<!-- Generated by org.testng.reporters.JUnitReportReporter -->
<testsuite hostname="DESKTOP-DB49SCU" failures="0" tests="1" name="com.FirstMatchAdmin.testcases.TC_ConfigurePage_Forms_QC_006" time="19.107" errors="0" timestamp="2021-03-15T09:45:16 IST" skipped="0">
  <testcase classname="com.FirstMatchAdmin.testcases.TC_ConfigurePage_Forms_QC_006" name="displyConfig" time="19.107"/>
  <system-out/>
</testsuite> <!-- com.FirstMatchAdmin.testcases.TC_ConfigurePage_Forms_QC_006 -->
