<?xml version="1.0" encoding="UTF-8"?>
<!-- Generated by org.testng.reporters.JUnitReportReporter -->
<testsuite hostname="DESKTOP-DB49SCU" failures="0" tests="1" name="com.FirstMatchAdmin.testcases.TC_ConfigurePage_EmailsList_012" time="12.497" errors="0" timestamp="2021-03-09T11:52:21 IST" skipped="0">
  <testcase classname="com.FirstMatchAdmin.testcases.TC_ConfigurePage_EmailsList_012" name="displayConfiguremails" time="12.497"/>
  <system-out/>
</testsuite> <!-- com.FirstMatchAdmin.testcases.TC_ConfigurePage_EmailsList_012 -->
