<?xml version="1.0" encoding="UTF-8"?>
<!-- Generated by org.testng.reporters.JUnitReportReporter -->
<testsuite hostname="DESKTOP-DB49SCU" failures="0" tests="1" name="com.FirstMatchAdmin.testcases.TC_ConfigurePage_Users_011" time="9.455" errors="0" timestamp="2021-03-04T12:50:14 IST" skipped="0">
  <testcase classname="com.FirstMatchAdmin.testcases.TC_ConfigurePage_Users_011" name="displyConfigadsc" time="9.455"/>
  <system-out/>
</testsuite> <!-- com.FirstMatchAdmin.testcases.TC_ConfigurePage_Users_011 -->
