<?xml version="1.0" encoding="UTF-8"?>
<!-- Generated by org.testng.reporters.JUnitReportReporter -->
<testsuite hostname="DESKTOP-DB49SCU" failures="0" tests="1" name="com.FirstMatchAdmin.testcases.TC_ConfigureFirstMatchOrganisation_14" time="15.406" errors="0" timestamp="2021-03-17T10:50:41 IST" skipped="0">
  <testcase classname="com.FirstMatchAdmin.testcases.TC_ConfigureFirstMatchOrganisation_14" name="displayConfigurOrganisations" time="15.406"/>
  <system-out/>
</testsuite> <!-- com.FirstMatchAdmin.testcases.TC_ConfigureFirstMatchOrganisation_14 -->
