<?xml version="1.0" encoding="UTF-8"?>
<!-- Generated by org.testng.reporters.JUnitReportReporter -->
<testsuite hostname="DESKTOP-DB49SCU" failures="0" tests="1" name="com.FirstMatchAdmin.testcases.TC_ConfigurePage_Forms_AddQL_010" time="23.560" errors="0" timestamp="2021-03-02T10:57:04 IST" skipped="0">
  <testcase classname="com.FirstMatchAdmin.testcases.TC_ConfigurePage_Forms_AddQL_010" name="displyConfig" time="23.560"/>
  <system-out/>
</testsuite> <!-- com.FirstMatchAdmin.testcases.TC_ConfigurePage_Forms_AddQL_010 -->
