<?xml version="1.0" encoding="UTF-8"?>
<!-- Generated by org.testng.reporters.JUnitReportReporter -->
<testsuite hostname="DESKTOP-DB49SCU" failures="0" tests="1" name="com.FirstMatchAdmin.testcases.TC_ConfigurePage_Forms_AddQC_007" time="14.202" errors="0" timestamp="2021-02-26T22:34:10 IST" skipped="0">
  <testcase classname="com.FirstMatchAdmin.testcases.TC_ConfigurePage_Forms_AddQC_007" name="displyConfigadd" time="14.202"/>
  <system-out/>
</testsuite> <!-- com.FirstMatchAdmin.testcases.TC_ConfigurePage_Forms_AddQC_007 -->
