<?xml version="1.0" encoding="UTF-8"?>
<!-- Generated by org.testng.reporters.JUnitReportReporter -->
<testsuite hostname="DESKTOP-DB49SCU" failures="0" tests="1" name="com.FirstMatchAdmin.testcases.TC_LoginTest_001" time="0.662" errors="0" timestamp="2021-02-22T11:27:25 IST" skipped="0">
  <testcase classname="com.FirstMatchAdmin.testcases.TC_LoginTest_001" name="loginTest" time="0.662"/>
  <system-out/>
</testsuite> <!-- com.FirstMatchAdmin.testcases.TC_LoginTest_001 -->
