<?xml version="1.0" encoding="UTF-8"?>
<!-- Generated by org.testng.reporters.JUnitReportReporter -->
<testsuite hostname="DESKTOP-DB49SCU" failures="0" tests="1" name="com.FirstMatchAdmin.testcases.TC_ProfilePage_003" time="7.657" errors="0" timestamp="2021-02-22T11:27:25 IST" skipped="0">
  <testcase classname="com.FirstMatchAdmin.testcases.TC_ProfilePage_003" name="changepwd" time="7.657"/>
  <system-out/>
</testsuite> <!-- com.FirstMatchAdmin.testcases.TC_ProfilePage_003 -->
